<?xml version="1.0" encoding="UTF-8"?>
<testng-results ignored="0" total="1" passed="1" failed="0" skipped="0">
  <reporter-output>
  </reporter-output>
  <suite started-at="2021-03-26T11:37:04 IST" name="Default suite" finished-at="2021-03-26T11:38:15 IST" duration-ms="71323">
    <groups>
      <group name="testCase">
        <method signature="Login.login()[pri:0, instance:testCases.Login@306e95ec]" name="login" class="testCases.Login"/>
      </group> <!-- testCase -->
    </groups>
    <test started-at="2021-03-26T11:37:04 IST" name="Default test" finished-at="2021-03-26T11:38:15 IST" duration-ms="71323">
      <class name="testCases.Login">
        <test-method signature="login()[pri:0, instance:testCases.Login@306e95ec]" started-at="2021-03-26T11:37:04 IST" name="login" finished-at="2021-03-26T11:38:15 IST" duration-ms="71143" status="PASS">
          <reporter-output>
          </reporter-output>
        </test-method> <!-- login -->
        <test-method is-config="true" signature="close()[pri:0, instance:testCases.Login@306e95ec]" started-at="2021-03-26T11:38:15 IST" name="close" finished-at="2021-03-26T11:38:15 IST" duration-ms="1" status="PASS">
          <reporter-output>
          </reporter-output>
        </test-method> <!-- close -->
      </class> <!-- testCases.Login -->
    </test> <!-- Default test -->
  </suite> <!-- Default suite -->
</testng-results>
